<?xml version="1.0" encoding="UTF-8"?>
<testsuite xmlns:xsi="http://www.w3.org/2001/XMLSchema-instance" xsi:noNamespaceSchemaLocation="https://maven.apache.org/surefire/maven-surefire-plugin/xsd/surefire-test-report-3.0.xsd" version="3.0" name="TestSuite" time="57.848" tests="1" errors="0" skipped="0" failures="0">
  <properties>
    <property name="sun.desktop" value="windows"/>
    <property name="awt.toolkit" value="sun.awt.windows.WToolkit"/>
    <property name="surefire.suiteXmlFiles" value="testng.xml"/>
    <property name="file.encoding.pkg" value="sun.io"/>
    <property name="java.specification.version" value="1.8"/>
    <property name="sun.cpu.isalist" value="amd64"/>
    <property name="sun.jnu.encoding" value="Cp1252"/>
    <property name="java.class.path" value="C:\Users\nqthai\workspace\workspace\homeplusgit\target\test-classes;C:\Users\nqthai\workspace\workspace\homeplusgit\target\classes;D:\apache-maven-3.5.2.2\repository\org\testng\testng\6.14.3\testng-6.14.3.jar;D:\apache-maven-3.5.2.2\repository\com\beust\jcommander\1.72\jcommander-1.72.jar;D:\apache-maven-3.5.2.2\repository\org\apache-extras\beanshell\bsh\2.0b6\bsh-2.0b6.jar;D:\apache-maven-3.5.2.2\repository\org\seleniumhq\selenium\selenium-java\3.141.59\selenium-java-3.141.59.jar;D:\apache-maven-3.5.2.2\repository\org\seleniumhq\selenium\selenium-api\3.141.59\selenium-api-3.141.59.jar;D:\apache-maven-3.5.2.2\repository\org\seleniumhq\selenium\selenium-chrome-driver\3.141.59\selenium-chrome-driver-3.141.59.jar;D:\apache-maven-3.5.2.2\repository\org\seleniumhq\selenium\selenium-edge-driver\3.141.59\selenium-edge-driver-3.141.59.jar;D:\apache-maven-3.5.2.2\repository\org\seleniumhq\selenium\selenium-firefox-driver\3.141.59\selenium-firefox-driver-3.141.59.jar;D:\apache-maven-3.5.2.2\repository\org\seleniumhq\selenium\selenium-ie-driver\3.141.59\selenium-ie-driver-3.141.59.jar;D:\apache-maven-3.5.2.2\repository\org\seleniumhq\selenium\selenium-opera-driver\3.141.59\selenium-opera-driver-3.141.59.jar;D:\apache-maven-3.5.2.2\repository\org\seleniumhq\selenium\selenium-remote-driver\3.141.59\selenium-remote-driver-3.141.59.jar;D:\apache-maven-3.5.2.2\repository\org\seleniumhq\selenium\selenium-safari-driver\3.141.59\selenium-safari-driver-3.141.59.jar;D:\apache-maven-3.5.2.2\repository\org\seleniumhq\selenium\selenium-support\3.141.59\selenium-support-3.141.59.jar;D:\apache-maven-3.5.2.2\repository\net\bytebuddy\byte-buddy\1.8.15\byte-buddy-1.8.15.jar;D:\apache-maven-3.5.2.2\repository\org\apache\commons\commons-exec\1.3\commons-exec-1.3.jar;D:\apache-maven-3.5.2.2\repository\com\google\guava\guava\25.0-jre\guava-25.0-jre.jar;D:\apache-maven-3.5.2.2\repository\com\google\code\findbugs\jsr305\1.3.9\jsr305-1.3.9.jar;D:\apache-maven-3.5.2.2\repository\org\checkerframework\checker-compat-qual\2.0.0\checker-compat-qual-2.0.0.jar;D:\apache-maven-3.5.2.2\repository\com\google\errorprone\error_prone_annotations\2.1.3\error_prone_annotations-2.1.3.jar;D:\apache-maven-3.5.2.2\repository\com\google\j2objc\j2objc-annotations\1.1\j2objc-annotations-1.1.jar;D:\apache-maven-3.5.2.2\repository\org\codehaus\mojo\animal-sniffer-annotations\1.14\animal-sniffer-annotations-1.14.jar;D:\apache-maven-3.5.2.2\repository\com\squareup\okhttp3\okhttp\3.11.0\okhttp-3.11.0.jar;D:\apache-maven-3.5.2.2\repository\com\squareup\okio\okio\1.14.0\okio-1.14.0.jar;D:\apache-maven-3.5.2.2\repository\io\appium\java-client\6.1.0\java-client-6.1.0.jar;D:\apache-maven-3.5.2.2\repository\com\google\code\gson\gson\2.8.4\gson-2.8.4.jar;D:\apache-maven-3.5.2.2\repository\org\apache\httpcomponents\httpclient\4.5.5\httpclient-4.5.5.jar;D:\apache-maven-3.5.2.2\repository\org\apache\httpcomponents\httpcore\4.4.9\httpcore-4.4.9.jar;D:\apache-maven-3.5.2.2\repository\commons-logging\commons-logging\1.2\commons-logging-1.2.jar;D:\apache-maven-3.5.2.2\repository\commons-codec\commons-codec\1.10\commons-codec-1.10.jar;D:\apache-maven-3.5.2.2\repository\cglib\cglib\3.2.6\cglib-3.2.6.jar;D:\apache-maven-3.5.2.2\repository\org\ow2\asm\asm\6.0\asm-6.0.jar;D:\apache-maven-3.5.2.2\repository\org\apache\ant\ant\1.9.6\ant-1.9.6.jar;D:\apache-maven-3.5.2.2\repository\org\apache\ant\ant-launcher\1.9.6\ant-launcher-1.9.6.jar;D:\apache-maven-3.5.2.2\repository\commons-validator\commons-validator\1.6\commons-validator-1.6.jar;D:\apache-maven-3.5.2.2\repository\commons-beanutils\commons-beanutils\1.9.2\commons-beanutils-1.9.2.jar;D:\apache-maven-3.5.2.2\repository\commons-digester\commons-digester\1.8.1\commons-digester-1.8.1.jar;D:\apache-maven-3.5.2.2\repository\commons-collections\commons-collections\3.2.2\commons-collections-3.2.2.jar;D:\apache-maven-3.5.2.2\repository\commons-io\commons-io\2.6\commons-io-2.6.jar;D:\apache-maven-3.5.2.2\repository\org\springframework\spring-context\5.0.5.RELEASE\spring-context-5.0.5.RELEASE.jar;D:\apache-maven-3.5.2.2\repository\org\springframework\spring-aop\5.0.5.RELEASE\spring-aop-5.0.5.RELEASE.jar;D:\apache-maven-3.5.2.2\repository\org\springframework\spring-beans\5.0.5.RELEASE\spring-beans-5.0.5.RELEASE.jar;D:\apache-maven-3.5.2.2\repository\org\springframework\spring-core\5.0.5.RELEASE\spring-core-5.0.5.RELEASE.jar;D:\apache-maven-3.5.2.2\repository\org\springframework\spring-jcl\5.0.5.RELEASE\spring-jcl-5.0.5.RELEASE.jar;D:\apache-maven-3.5.2.2\repository\org\springframework\spring-expression\5.0.5.RELEASE\spring-expression-5.0.5.RELEASE.jar;D:\apache-maven-3.5.2.2\repository\org\aspectj\aspectjweaver\1.9.1\aspectjweaver-1.9.1.jar;D:\apache-maven-3.5.2.2\repository\org\openpnp\opencv\3.2.0-1\opencv-3.2.0-1.jar;D:\apache-maven-3.5.2.2\repository\javax\mail\mail\1.4\mail-1.4.jar;D:\apache-maven-3.5.2.2\repository\javax\activation\activation\1.1\activation-1.1.jar;D:\apache-maven-3.5.2.2\repository\org\apache\commons\commons-lang3\3.7\commons-lang3-3.7.jar;"/>
    <property name="java.vm.vendor" value="Oracle Corporation"/>
    <property name="sun.arch.data.model" value="64"/>
    <property name="user.variant" value=""/>
    <property name="java.vendor.url" value="http://java.oracle.com/"/>
    <property name="user.timezone" value="Asia/Bangkok"/>
    <property name="java.vm.specification.version" value="1.8"/>
    <property name="os.name" value="Windows 7"/>
    <property name="user.country" value="US"/>
    <property name="sun.java.launcher" value="SUN_STANDARD"/>
    <property name="sun.boot.library.path" value="C:\Program Files\Java\jdk1.8.0_161\jre\bin"/>
    <property name="sun.java.command" value="C:\Windows\Temp\surefire3630499883117575090\surefirebooter2140659108845262250.jar C:\Windows\Temp\surefire3630499883117575090 2019-10-10T09-24-39_448-jvmRun1 surefire2714761331138626930tmp surefire_08284153441563621399tmp"/>
    <property name="surefire.test.class.path" value="C:\Users\nqthai\workspace\workspace\homeplusgit\target\test-classes;C:\Users\nqthai\workspace\workspace\homeplusgit\target\classes;D:\apache-maven-3.5.2.2\repository\org\testng\testng\6.14.3\testng-6.14.3.jar;D:\apache-maven-3.5.2.2\repository\com\beust\jcommander\1.72\jcommander-1.72.jar;D:\apache-maven-3.5.2.2\repository\org\apache-extras\beanshell\bsh\2.0b6\bsh-2.0b6.jar;D:\apache-maven-3.5.2.2\repository\org\seleniumhq\selenium\selenium-java\3.141.59\selenium-java-3.141.59.jar;D:\apache-maven-3.5.2.2\repository\org\seleniumhq\selenium\selenium-api\3.141.59\selenium-api-3.141.59.jar;D:\apache-maven-3.5.2.2\repository\org\seleniumhq\selenium\selenium-chrome-driver\3.141.59\selenium-chrome-driver-3.141.59.jar;D:\apache-maven-3.5.2.2\repository\org\seleniumhq\selenium\selenium-edge-driver\3.141.59\selenium-edge-driver-3.141.59.jar;D:\apache-maven-3.5.2.2\repository\org\seleniumhq\selenium\selenium-firefox-driver\3.141.59\selenium-firefox-driver-3.141.59.jar;D:\apache-maven-3.5.2.2\repository\org\seleniumhq\selenium\selenium-ie-driver\3.141.59\selenium-ie-driver-3.141.59.jar;D:\apache-maven-3.5.2.2\repository\org\seleniumhq\selenium\selenium-opera-driver\3.141.59\selenium-opera-driver-3.141.59.jar;D:\apache-maven-3.5.2.2\repository\org\seleniumhq\selenium\selenium-remote-driver\3.141.59\selenium-remote-driver-3.141.59.jar;D:\apache-maven-3.5.2.2\repository\org\seleniumhq\selenium\selenium-safari-driver\3.141.59\selenium-safari-driver-3.141.59.jar;D:\apache-maven-3.5.2.2\repository\org\seleniumhq\selenium\selenium-support\3.141.59\selenium-support-3.141.59.jar;D:\apache-maven-3.5.2.2\repository\net\bytebuddy\byte-buddy\1.8.15\byte-buddy-1.8.15.jar;D:\apache-maven-3.5.2.2\repository\org\apache\commons\commons-exec\1.3\commons-exec-1.3.jar;D:\apache-maven-3.5.2.2\repository\com\google\guava\guava\25.0-jre\guava-25.0-jre.jar;D:\apache-maven-3.5.2.2\repository\com\google\code\findbugs\jsr305\1.3.9\jsr305-1.3.9.jar;D:\apache-maven-3.5.2.2\repository\org\checkerframework\checker-compat-qual\2.0.0\checker-compat-qual-2.0.0.jar;D:\apache-maven-3.5.2.2\repository\com\google\errorprone\error_prone_annotations\2.1.3\error_prone_annotations-2.1.3.jar;D:\apache-maven-3.5.2.2\repository\com\google\j2objc\j2objc-annotations\1.1\j2objc-annotations-1.1.jar;D:\apache-maven-3.5.2.2\repository\org\codehaus\mojo\animal-sniffer-annotations\1.14\animal-sniffer-annotations-1.14.jar;D:\apache-maven-3.5.2.2\repository\com\squareup\okhttp3\okhttp\3.11.0\okhttp-3.11.0.jar;D:\apache-maven-3.5.2.2\repository\com\squareup\okio\okio\1.14.0\okio-1.14.0.jar;D:\apache-maven-3.5.2.2\repository\io\appium\java-client\6.1.0\java-client-6.1.0.jar;D:\apache-maven-3.5.2.2\repository\com\google\code\gson\gson\2.8.4\gson-2.8.4.jar;D:\apache-maven-3.5.2.2\repository\org\apache\httpcomponents\httpclient\4.5.5\httpclient-4.5.5.jar;D:\apache-maven-3.5.2.2\repository\org\apache\httpcomponents\httpcore\4.4.9\httpcore-4.4.9.jar;D:\apache-maven-3.5.2.2\repository\commons-logging\commons-logging\1.2\commons-logging-1.2.jar;D:\apache-maven-3.5.2.2\repository\commons-codec\commons-codec\1.10\commons-codec-1.10.jar;D:\apache-maven-3.5.2.2\repository\cglib\cglib\3.2.6\cglib-3.2.6.jar;D:\apache-maven-3.5.2.2\repository\org\ow2\asm\asm\6.0\asm-6.0.jar;D:\apache-maven-3.5.2.2\repository\org\apache\ant\ant\1.9.6\ant-1.9.6.jar;D:\apache-maven-3.5.2.2\repository\org\apache\ant\ant-launcher\1.9.6\ant-launcher-1.9.6.jar;D:\apache-maven-3.5.2.2\repository\commons-validator\commons-validator\1.6\commons-validator-1.6.jar;D:\apache-maven-3.5.2.2\repository\commons-beanutils\commons-beanutils\1.9.2\commons-beanutils-1.9.2.jar;D:\apache-maven-3.5.2.2\repository\commons-digester\commons-digester\1.8.1\commons-digester-1.8.1.jar;D:\apache-maven-3.5.2.2\repository\commons-collections\commons-collections\3.2.2\commons-collections-3.2.2.jar;D:\apache-maven-3.5.2.2\repository\commons-io\commons-io\2.6\commons-io-2.6.jar;D:\apache-maven-3.5.2.2\repository\org\springframework\spring-context\5.0.5.RELEASE\spring-context-5.0.5.RELEASE.jar;D:\apache-maven-3.5.2.2\repository\org\springframework\spring-aop\5.0.5.RELEASE\spring-aop-5.0.5.RELEASE.jar;D:\apache-maven-3.5.2.2\repository\org\springframework\spring-beans\5.0.5.RELEASE\spring-beans-5.0.5.RELEASE.jar;D:\apache-maven-3.5.2.2\repository\org\springframework\spring-core\5.0.5.RELEASE\spring-core-5.0.5.RELEASE.jar;D:\apache-maven-3.5.2.2\repository\org\springframework\spring-jcl\5.0.5.RELEASE\spring-jcl-5.0.5.RELEASE.jar;D:\apache-maven-3.5.2.2\repository\org\springframework\spring-expression\5.0.5.RELEASE\spring-expression-5.0.5.RELEASE.jar;D:\apache-maven-3.5.2.2\repository\org\aspectj\aspectjweaver\1.9.1\aspectjweaver-1.9.1.jar;D:\apache-maven-3.5.2.2\repository\org\openpnp\opencv\3.2.0-1\opencv-3.2.0-1.jar;D:\apache-maven-3.5.2.2\repository\javax\mail\mail\1.4\mail-1.4.jar;D:\apache-maven-3.5.2.2\repository\javax\activation\activation\1.1\activation-1.1.jar;D:\apache-maven-3.5.2.2\repository\org\apache\commons\commons-lang3\3.7\commons-lang3-3.7.jar;"/>
    <property name="sun.cpu.endian" value="little"/>
    <property name="user.home" value="C:\Windows\system32\config\systemprofile"/>
    <property name="user.language" value="en"/>
    <property name="java.specification.vendor" value="Oracle Corporation"/>
    <property name="java.home" value="C:\Program Files\Java\jdk1.8.0_161\jre"/>
    <property name="basedir" value="C:\Users\nqthai\workspace\workspace\homeplusgit"/>
    <property name="file.separator" value="\"/>
    <property name="line.separator" value="&#10;"/>
    <property name="java.vm.specification.vendor" value="Oracle Corporation"/>
    <property name="java.specification.name" value="Java Platform API Specification"/>
    <property name="java.awt.graphicsenv" value="sun.awt.Win32GraphicsEnvironment"/>
    <property name="surefire.real.class.path" value="C:\Windows\Temp\surefire3630499883117575090\surefirebooter2140659108845262250.jar"/>
    <property name="sun.boot.class.path" value="C:\Program Files\Java\jdk1.8.0_161\jre\lib\resources.jar;C:\Program Files\Java\jdk1.8.0_161\jre\lib\rt.jar;C:\Program Files\Java\jdk1.8.0_161\jre\lib\sunrsasign.jar;C:\Program Files\Java\jdk1.8.0_161\jre\lib\jsse.jar;C:\Program Files\Java\jdk1.8.0_161\jre\lib\jce.jar;C:\Program Files\Java\jdk1.8.0_161\jre\lib\charsets.jar;C:\Program Files\Java\jdk1.8.0_161\jre\lib\jfr.jar;C:\Program Files\Java\jdk1.8.0_161\jre\classes"/>
    <property name="user.script" value=""/>
    <property name="sun.management.compiler" value="HotSpot 64-Bit Tiered Compilers"/>
    <property name="java.runtime.version" value="1.8.0_161-b12"/>
    <property name="user.name" value="PCT323-PC$"/>
    <property name="path.separator" value=";"/>
    <property name="os.version" value="6.1"/>
    <property name="java.endorsed.dirs" value="C:\Program Files\Java\jdk1.8.0_161\jre\lib\endorsed"/>
    <property name="java.runtime.name" value="Java(TM) SE Runtime Environment"/>
    <property name="file.encoding" value="Cp1252"/>
    <property name="java.vm.name" value="Java HotSpot(TM) 64-Bit Server VM"/>
    <property name="localRepository" value="D:\apache-maven-3.5.2.2\repository"/>
    <property name="java.vendor.url.bug" value="http://bugreport.sun.com/bugreport/"/>
    <property name="java.io.tmpdir" value="C:\Windows\TEMP\"/>
    <property name="java.version" value="1.8.0_161"/>
    <property name="user.dir" value="C:\Users\nqthai\workspace\workspace\homeplusgit"/>
    <property name="os.arch" value="amd64"/>
    <property name="java.vm.specification.name" value="Java Virtual Machine Specification"/>
    <property name="java.awt.printerjob" value="sun.awt.windows.WPrinterJob"/>
    <property name="sun.os.patch.level" value="Service Pack 1"/>
    <property name="java.library.path" value="C:\Program Files\Java\jdk1.8.0_161\jre\bin;C:\Windows\Sun\Java\bin;C:\Windows\system32;C:\Windows;C:\Program Files\Java\jdk1.8.0_161/bin;C:\Program Files\Java\jdk1.8.0_161/bin;C:\ProgramData\Oracle\Java\javapath;C:\Windows\system32;C:\Windows;C:\Windows\System32\Wbem;C:\Windows\System32\WindowsPowerShell\v1.0\;C:\Program Files\TortoiseSVN\bin;C:\platform-tools;C:\Program Files\dotnet\;%JAVA_HOME%\bin;C:\Program Files\Microsoft SQL Server\130\Tools\Bin\;%JAVA_HOME%\bin;C:\Program Files\TortoiseGit\bin;C:\Program Files (x86)\Android\android-sdk\tool;C:\Program Files (x86)\Android\android-sdk\platform-tool;C:\apache-ant-1.9.14\bin;D:\apache-maven-3.5.2\bin;;."/>
    <property name="java.vm.info" value="mixed mode"/>
    <property name="java.vendor" value="Oracle Corporation"/>
    <property name="java.vm.version" value="25.161-b12"/>
    <property name="java.ext.dirs" value="C:\Program Files\Java\jdk1.8.0_161\jre\lib\ext;C:\Windows\Sun\Java\lib\ext"/>
    <property name="sun.io.unicode.encoding" value="UnicodeLittle"/>
    <property name="java.class.version" value="52.0"/>
  </properties>
  <testcase name="TC_001_Registration_New_User" classname="it.bt.com.testcases.TC_01_001_Registration_New_User" time="20.492"/>
</testsuite>