<?xml version="1.0" encoding="UTF-8"?>
<!-- Generated by org.testng.reporters.JUnitReportReporter -->
<testsuite skipped="0" hostname="PCT323-PC" name="it.bt.com.testcases.TC_01_001_Registration_New_User" tests="1" failures="0" timestamp="10 Oct 2019 02:25:38 GMT" time="20.493" errors="0">
  <testcase name="TC_001_Registration_New_User" time="20.493" classname="it.bt.com.testcases.TC_01_001_Registration_New_User"/>
</testsuite> <!-- it.bt.com.testcases.TC_01_001_Registration_New_User -->
